<?xml version="1.0" encoding="UTF-8"?>
<!-- Generated by org.testng.reporters.JUnitXMLReporter -->
<testsuite ignored="0" hostname="DESKTOP-82LGI36" failures="0" tests="12" name="Default test" time="32.864" errors="0" timestamp="2023-05-31T22:05:44 ART">
  <testcase classname="Test.Pruebas" name="registrarUsuario" time="7.424"/>
  <testcase classname="Test.Pruebas" name="logOut" time="3.891"/>
  <testcase classname="Test.Pruebas" name="loginErroneo" time="0.937"/>
  <testcase classname="Test.Pruebas" name="loginErroneo" time="1.031"/>
  <testcase classname="Test.Pruebas" name="loginErroneo" time="1.216"/>
  <testcase classname="Test.Pruebas" name="loginErroneo" time="1.272"/>
  <testcase classname="Test.Pruebas" name="loginErroneo" time="1.233"/>
  <testcase classname="Test.Pruebas" name="loginValido" time="3.952"/>
  <testcase classname="Test.Pruebas" name="buscarPorNombre" time="4.35"/>
  <testcase classname="Test.Pruebas" name="buscarPorTipo" time="2.81"/>
  <testcase classname="Test.Pruebas" name="contactUs" time="2.509"/>
  <testcase classname="Test.Pruebas" name="borrarCuenta" time="1.52"/>
</testsuite> <!-- Default test -->
